Initiating legacy licensing module

LICENSE SYSTEM [2019712 20:49:21] Next license update check is after 2019-07-13T21:41:20

[Package Manager] Server::Start -- Port 58820 was selected

 COMMAND LINE ARGUMENTS:
/home/ibrahim/Unity/Hub/Editor/2019.2.0b7/Editor/Unity
-quit
-force-free
-nographics
-batchmode
-logFile
stdout.log
-projectPath
/home/ibrahim/Desktop/RobotON/
-executeMethod
WebGLBuilder.build
Successfully changed project path to: /home/ibrahim/Desktop/RobotON/
/home/ibrahim/Desktop/RobotON
Using Asset Import Pipeline V1.
DisplayProgressbar: Unity Package Manager
Rebuilding Library because the asset database could not be found!
 
(Filename: ./Modules/AssetDatabase/Editor/Shared/AssetDatabaseInitialization.cpp Line: 108)

Loading GUID <-> Path mappings...0.000040 seconds
Loading Asset Database...0.000007 seconds
AssetDatabase consistency checks...0.000052 seconds
[Package Manager] Done resolving packages in 1.33s seconds
An error occurred while resolving packages:
  Project has invalid dependencies:
    com.unity.package-manager-ui: Package [com.unity.package-manager-ui@2.1.2] cannot be found
    com.unity.timeline: Package [com.unity.timeline@1.0.0] cannot be found

A re-import of the project may be required to fix the issue or a manual modification of /home/ibrahim/Desktop/RobotON/Packages/manifest.json file.
